<?xml version="1.0" encoding="UTF-8" standalone="yes" ?>
<test-results name="D:\projetos\projeto_sga\Teste\TesteSga.exe" total="3" errors="0" failures="0" ignored="0" inconclusive="0" not-run="0" skipped="0" invalid="0" date="2023-06-14" time="0.021">
  <culture-info current-culture="en" current-uiculture="en" />
  <test-suite type="Assembly" name="TesteSga.exe" executed="true" result="Success" success="True" time="0.021" asserts="0">
    <results>
        <test-suite type="Namespace" name="TesteSGA" executed="true" result="Success" success="True" time="0.020" asserts="0" >
          <results>
              <test-suite type="Fixture" name="TTesteSGA" executed="True" result="Success" success="True" time="0.020" >
                <results>
                  <test-case name="Test1" executed="True" result="Success" success="True" time="0.000" asserts="0" />
                  <test-case name="Test2.TestA" executed="True" result="Success" success="True" time="0.000" asserts="0" />
                  <test-case name="Test2.TestB" executed="True" result="Success" success="True" time="0.000" asserts="0" />
                </results>
              </test-suite>
          </results>
        </test-suite>
    </results>
  </test-suite>
</test-results>
